<?xml version="1.0" encoding="utf-8"?><testsuites name="pytest tests"><testsuite name="pytest" errors="0" failures="0" skipped="0" tests="18" time="4.846" timestamp="2026-04-14T09:22:10.570492+00:00" hostname="agent-env-abe901df-e039-404b-895a-491508183e9b"><testcase classname="tests.test_vanilla_conversion.TestPublicAPIs" name="test_get_courses" time="0.101" /><testcase classname="tests.test_vanilla_conversion.TestPublicAPIs" name="test_get_single_course" time="0.080" /><testcase classname="tests.test_vanilla_conversion.TestPublicAPIs" name="test_get_reviews" time="0.086" /><testcase classname="tests.test_vanilla_conversion.TestPublicAPIs" name="test_get_diploma_tracks" time="0.151" /><testcase classname="tests.test_vanilla_conversion.TestPublicAPIs" name="test_get_video_testimonials_public" time="0.074" /><testcase classname="tests.test_vanilla_conversion.TestAdminAuth" name="test_admin_login_success" time="0.298" /><testcase classname="tests.test_vanilla_conversion.TestAdminAuth" name="test_admin_login_failure" time="0.310" /><testcase classname="tests.test_vanilla_conversion.TestAdminAuth" name="test_admin_stats_without_auth" time="0.080" /><testcase classname="tests.test_vanilla_conversion.TestAdminAPIs" name="test_get_admin_stats" time="0.358" /><testcase classname="tests.test_vanilla_conversion.TestAdminAPIs" name="test_get_admin_courses" time="0.395" /><testcase classname="tests.test_vanilla_conversion.TestAdminAPIs" name="test_get_admin_expenses" time="0.321" /><testcase classname="tests.test_vanilla_conversion.TestAdminAPIs" name="test_get_admin_expenses_stats" time="0.337" /><testcase classname="tests.test_vanilla_conversion.TestAdminAPIs" name="test_get_admin_video_testimonials" time="0.368" /><testcase classname="tests.test_vanilla_conversion.TestAdminAPIs" name="test_get_admin_students" time="0.353" /><testcase classname="tests.test_vanilla_conversion.TestAdminAPIs" name="test_get_admin_enrollments" time="0.321" /><testcase classname="tests.test_vanilla_conversion.TestCourseOutlineAPI" name="test_update_course_outline" time="0.369" /><testcase classname="tests.test_vanilla_conversion.TestCourseOutlineAPI" name="test_update_outline_nonexistent_course" time="0.370" /><testcase classname="tests.test_vanilla_conversion.TestExpensesCRUD" name="test_expense_crud_flow" time="0.386" /></testsuite></testsuites>