<?xml version="1.0" encoding="utf-8"?><testsuites name="pytest tests"><testsuite name="pytest" errors="0" failures="0" skipped="0" tests="12" time="3.440" timestamp="2026-04-08T16:20:40.805372+00:00" hostname="agent-env-abe901df-e039-404b-895a-491508183e9b"><testcase classname="backend.tests.test_assignments.TestAdminLogin" name="test_admin_login_success" time="0.394" /><testcase classname="backend.tests.test_assignments.TestAdminLogin" name="test_admin_login_wrong_password" time="0.341" /><testcase classname="backend.tests.test_assignments.TestAdminAssignmentsEndpoint" name="test_get_admin_assignments_requires_auth" time="0.097" /><testcase classname="backend.tests.test_assignments.TestAdminAssignmentsEndpoint" name="test_get_admin_assignments_success" time="0.388" /><testcase classname="backend.tests.test_assignments.TestAdminAssignmentsEndpoint" name="test_admin_assignments_response_structure" time="0.392" /><testcase classname="backend.tests.test_assignments.TestReviewAssignmentEndpoint" name="test_review_assignment_requires_auth" time="0.140" /><testcase classname="backend.tests.test_assignments.TestReviewAssignmentEndpoint" name="test_review_assignment_invalid_id" time="0.406" /><testcase classname="backend.tests.test_assignments.TestSubmitAssignmentEndpoint" name="test_submit_assignment_requires_auth" time="0.105" /><testcase classname="backend.tests.test_assignments.TestAdminNavigation" name="test_admin_stats_endpoint" time="0.540" /><testcase classname="backend.tests.test_assignments.TestCoursesWithWeeks" name="test_get_courses" time="0.081" /><testcase classname="backend.tests.test_assignments.TestCoursesWithWeeks" name="test_course_has_weeks_structure" time="0.094" /><testcase classname="backend.tests.test_assignments.TestEnrollmentsWithApprovedWeeks" name="test_get_enrollments" time="0.387" /></testsuite></testsuites>