<?xml version="1.0" encoding="utf-8"?><testsuites name="pytest tests"><testsuite name="pytest" errors="0" failures="0" skipped="0" tests="14" time="2.894" timestamp="2026-04-08T12:49:34.014027+00:00" hostname="agent-env-abe901df-e039-404b-895a-491508183e9b"><testcase classname="backend.tests.test_admin_otp_auth.TestAdminOTPAuth" name="test_request_otp_correct_phone" time="0.138" /><testcase classname="backend.tests.test_admin_otp_auth.TestAdminOTPAuth" name="test_request_otp_wrong_phone" time="0.275" /><testcase classname="backend.tests.test_admin_otp_auth.TestAdminOTPAuth" name="test_verify_otp_wrong_otp" time="0.161" /><testcase classname="backend.tests.test_admin_otp_auth.TestAdminOTPAuth" name="test_verify_otp_wrong_phone" time="0.148" /><testcase classname="backend.tests.test_admin_otp_auth.TestAdminEndpointsWithoutAuth" name="test_admin_stats_requires_auth" time="0.070" /><testcase classname="backend.tests.test_admin_otp_auth.TestAdminEndpointsWithoutAuth" name="test_admin_students_requires_auth" time="0.087" /><testcase classname="backend.tests.test_admin_otp_auth.TestAdminEndpointsWithoutAuth" name="test_admin_enrollments_requires_auth" time="0.099" /><testcase classname="backend.tests.test_admin_otp_auth.TestAdminEndpointsWithoutAuth" name="test_admin_courses_requires_auth" time="0.117" /><testcase classname="backend.tests.test_admin_otp_auth.TestAdminOTPVerifyAndSession" name="test_verify_otp_returns_admin_session" time="0.697" /><testcase classname="backend.tests.test_admin_otp_auth.TestAdminOTPVerifyAndSession" name="test_admin_stats_with_auth" time="0.036" /><testcase classname="backend.tests.test_admin_otp_auth.TestAdminOTPVerifyAndSession" name="test_admin_students_with_auth" time="0.038" /><testcase classname="backend.tests.test_admin_otp_auth.TestAdminOTPVerifyAndSession" name="test_admin_enrollments_with_auth" time="0.042" /><testcase classname="backend.tests.test_admin_otp_auth.TestAdminOTPVerifyAndSession" name="test_admin_courses_with_auth" time="0.039" /><testcase classname="backend.tests.test_admin_otp_auth.TestAdminEnrollmentUpdate" name="test_update_enrollment_to_completed_sets_approved_at" time="0.862" /></testsuite></testsuites>