<?xml version="1.0" encoding="utf-8"?><testsuites name="pytest tests"><testsuite name="pytest" errors="0" failures="0" skipped="0" tests="12" time="1.668" timestamp="2026-04-08T15:30:55.602327+00:00" hostname="agent-env-abe901df-e039-404b-895a-491508183e9b"><testcase classname="backend.tests.test_diploma_enrollment.TestDiplomaEnrollmentAuth" name="test_create_diploma_enrollment_requires_auth" time="0.161" /><testcase classname="backend.tests.test_diploma_enrollment.TestDiplomaEnrollmentAuth" name="test_submit_diploma_installment_2_requires_auth" time="0.115" /><testcase classname="backend.tests.test_diploma_enrollment.TestAdminDiplomaEnrollments" name="test_admin_login_works" time="0.318" /><testcase classname="backend.tests.test_diploma_enrollment.TestAdminDiplomaEnrollments" name="test_get_admin_diploma_enrollments" time="0.136" /><testcase classname="backend.tests.test_diploma_enrollment.TestAdminDiplomaEnrollments" name="test_get_admin_diploma_enrollments_requires_admin" time="0.087" /><testcase classname="backend.tests.test_diploma_enrollment.TestAdminDiplomaEnrollments" name="test_update_diploma_enrollment_status_requires_admin" time="0.108" /><testcase classname="backend.tests.test_diploma_enrollment.TestAdminDiplomaEnrollments" name="test_update_diploma_installment_2_requires_admin" time="0.089" /><testcase classname="backend.tests.test_diploma_enrollment.TestDiplomaTracks" name="test_get_diploma_tracks" time="0.113" /><testcase classname="backend.tests.test_diploma_enrollment.TestDiplomaTracks" name="test_get_diploma_track_by_id" time="0.205" /><testcase classname="backend.tests.test_diploma_enrollment.TestDiplomaTracks" name="test_get_nonexistent_diploma_track" time="0.107" /><testcase classname="backend.tests.test_diploma_enrollment.TestNotificationsWithDiploma" name="test_notifications_requires_auth" time="0.072" /><testcase classname="backend.tests.test_diploma_enrollment.TestCourses" name="test_get_courses" time="0.082" /></testsuite></testsuites>