<?xml version="1.0" encoding="utf-8"?><testsuites name="pytest tests"><testsuite name="pytest" errors="0" failures="0" skipped="0" tests="16" time="8.353" timestamp="2026-04-14T08:47:55.931017+00:00" hostname="agent-env-abe901df-e039-404b-895a-491508183e9b"><testcase classname="backend.tests.test_new_features.TestExpensesAPI" name="test_get_expenses" time="0.883" /><testcase classname="backend.tests.test_new_features.TestExpensesAPI" name="test_get_expense_stats" time="0.429" /><testcase classname="backend.tests.test_new_features.TestExpensesAPI" name="test_create_expense" time="0.435" /><testcase classname="backend.tests.test_new_features.TestExpensesAPI" name="test_update_expense" time="0.465" /><testcase classname="backend.tests.test_new_features.TestExpensesAPI" name="test_delete_expense" time="0.475" /><testcase classname="backend.tests.test_new_features.TestExpensesAPI" name="test_expenses_without_auth" time="0.372" /><testcase classname="backend.tests.test_new_features.TestVideoTestimonialsAPI" name="test_get_public_video_testimonials" time="0.414" /><testcase classname="backend.tests.test_new_features.TestVideoTestimonialsAPI" name="test_get_admin_video_testimonials" time="0.368" /><testcase classname="backend.tests.test_new_features.TestVideoTestimonialsAPI" name="test_create_admin_video_testimonial" time="0.440" /><testcase classname="backend.tests.test_new_features.TestVideoTestimonialsAPI" name="test_update_video_testimonial_status" time="0.500" /><testcase classname="backend.tests.test_new_features.TestVideoTestimonialsAPI" name="test_delete_video_testimonial" time="0.551" /><testcase classname="backend.tests.test_new_features.TestVideoTestimonialsAPI" name="test_admin_videos_without_auth" time="0.395" /><testcase classname="backend.tests.test_new_features.TestCourseOutlineAPI" name="test_update_course_outline" time="0.593" /><testcase classname="backend.tests.test_new_features.TestCourseOutlineAPI" name="test_update_outline_nonexistent_course" time="0.420" /><testcase classname="backend.tests.test_new_features.TestCourseOutlineAPI" name="test_outline_without_auth" time="0.546" /><testcase classname="backend.tests.test_new_features.TestAdminCoursesPage" name="test_admin_courses_returns_courses" time="0.980" /></testsuite></testsuites>