<?xml version="1.0" encoding="utf-8"?><testsuites name="pytest tests"><testsuite name="pytest" errors="0" failures="0" skipped="0" tests="13" time="3.888" timestamp="2026-04-08T14:17:23.752873+00:00" hostname="agent-env-abe901df-e039-404b-895a-491508183e9b"><testcase classname="backend.tests.test_admission_features.TestAdminPasswordLogin" name="test_admin_login_success" time="0.380" /><testcase classname="backend.tests.test_admission_features.TestAdminPasswordLogin" name="test_admin_login_wrong_password" time="0.329" /><testcase classname="backend.tests.test_admission_features.TestAdminPasswordLogin" name="test_admin_login_empty_password" time="0.328" /><testcase classname="backend.tests.test_admission_features.TestAdminAdmissionForms" name="test_get_admission_forms_requires_auth" time="0.087" /><testcase classname="backend.tests.test_admission_features.TestAdminAdmissionForms" name="test_get_admission_forms_with_auth" time="0.376" /><testcase classname="backend.tests.test_admission_features.TestStudentUpload" name="test_student_upload_requires_auth" time="0.087" /><testcase classname="backend.tests.test_admission_features.TestAdmissionFormSubmission" name="test_admission_form_requires_auth" time="0.137" /><testcase classname="backend.tests.test_admission_features.TestAdminNavigation" name="test_admin_stats_accessible" time="0.459" /><testcase classname="backend.tests.test_admission_features.TestAdminNavigation" name="test_admin_students_accessible" time="0.412" /><testcase classname="backend.tests.test_admission_features.TestAdminNavigation" name="test_admin_enrollments_accessible" time="0.408" /><testcase classname="backend.tests.test_admission_features.TestAdminNavigation" name="test_admin_courses_accessible" time="0.462" /><testcase classname="backend.tests.test_admission_features.TestPublicCourses" name="test_get_courses" time="0.069" /><testcase classname="backend.tests.test_admission_features.TestPublicCourses" name="test_get_single_course" time="0.277" /></testsuite></testsuites>