<?xml version="1.0" encoding="utf-8"?><testsuites name="pytest tests"><testsuite name="pytest" errors="0" failures="0" skipped="0" tests="11" time="2.366" timestamp="2026-04-08T14:49:34.451091+00:00" hostname="agent-env-abe901df-e039-404b-895a-491508183e9b"><testcase classname="backend.tests.test_installment_payment.TestEnrollmentWithInstallments" name="test_enrollment_requires_auth" time="0.163" /><testcase classname="backend.tests.test_installment_payment.TestEnrollmentWithInstallments" name="test_create_enrollment_with_installment_fields" time="0.204" /><testcase classname="backend.tests.test_installment_payment.TestAdminApprovalSetsInstallmentStatus" name="test_admin_approval_sets_installment_1_completed" time="0.570" /><testcase classname="backend.tests.test_installment_payment.TestSubmitInstallment2" name="test_submit_installment_2_requires_auth" time="0.101" /><testcase classname="backend.tests.test_installment_payment.TestSubmitInstallment2" name="test_submit_installment_2_not_found" time="0.089" /><testcase classname="backend.tests.test_installment_payment.TestAdminInstallment2Approval" name="test_admin_installment_2_approval_requires_auth" time="0.097" /><testcase classname="backend.tests.test_installment_payment.TestAdminInstallment2Approval" name="test_admin_installment_2_endpoint_exists" time="0.387" /><testcase classname="backend.tests.test_installment_payment.TestNotificationsEndpoint" name="test_notifications_requires_auth" time="0.111" /><testcase classname="backend.tests.test_installment_payment.TestNotificationsEndpoint" name="test_notifications_returns_array" time="0.099" /><testcase classname="backend.tests.test_installment_payment.TestEnrollmentInstallmentFields" name="test_admin_enrollments_include_installment_fields" time="0.388" /><testcase classname="backend.tests.test_installment_payment.TestInstallmentCalculation" name="test_installment_calculation_for_courses" time="0.085" /></testsuite></testsuites>