<?xml version="1.0" encoding="utf-8"?><testsuites name="pytest tests"><testsuite name="pytest" errors="0" failures="0" skipped="0" tests="17" time="5.542" timestamp="2026-04-23T12:18:57.104449+00:00" hostname="agent-env-abe901df-e039-404b-895a-491508183e9b"><testcase classname="backend.tests.test_iteration17.TestPublicAPIs" name="test_get_courses_public" time="0.592" /><testcase classname="backend.tests.test_iteration17.TestPublicAPIs" name="test_get_single_course" time="0.222" /><testcase classname="backend.tests.test_iteration17.TestPublicAPIs" name="test_get_diploma_tracks_public" time="0.083" /><testcase classname="backend.tests.test_iteration17.TestPublicAPIs" name="test_get_reviews_public" time="0.361" /><testcase classname="backend.tests.test_iteration17.TestPublicAPIs" name="test_get_video_testimonials_public" time="0.083" /><testcase classname="backend.tests.test_iteration17.TestAdminAuth" name="test_admin_login_success" time="0.309" /><testcase classname="backend.tests.test_iteration17.TestAdminAuth" name="test_admin_login_wrong_password" time="0.328" /><testcase classname="backend.tests.test_iteration17.TestAdminAuth" name="test_admin_stats_without_auth" time="0.070" /><testcase classname="backend.tests.test_iteration17.TestAdminCourseEdit" name="test_admin_get_courses" time="0.429" /><testcase classname="backend.tests.test_iteration17.TestAdminCourseEdit" name="test_admin_update_course_partial" time="0.609" /><testcase classname="backend.tests.test_iteration17.TestAdminDiplomaEnrollments" name="test_get_diploma_enrollments" time="0.423" /><testcase classname="backend.tests.test_iteration17.TestAdminDiplomaEnrollments" name="test_manual_add_diploma_enrollment_missing_email" time="0.476" /><testcase classname="backend.tests.test_iteration17.TestAdminDiplomaEnrollments" name="test_manual_add_diploma_enrollment_nonexistent_user" time="0.476" /><testcase classname="backend.tests.test_iteration17.TestAdminDiplomaEnrollments" name="test_delete_diploma_enrollment_nonexistent" time="0.408" /><testcase classname="backend.tests.test_iteration17.TestAdminStats" name="test_admin_stats_with_auth" time="0.429" /><testcase classname="backend.tests.test_iteration17.TestPageLoadPerformance" name="test_homepage_load_time" time="0.071" /><testcase classname="backend.tests.test_iteration17.TestPageLoadPerformance" name="test_courses_api_load_time" time="0.087" /></testsuite></testsuites>