<?xml version="1.0" encoding="utf-8"?><testsuites name="pytest tests"><testsuite name="pytest" errors="0" failures="0" skipped="0" tests="20" time="1.771" timestamp="2026-04-07T18:03:07.536908+00:00" hostname="agent-env-abe901df-e039-404b-895a-491508183e9b"><testcase classname="backend.tests.test_oec_api.TestCoursesAPI" name="test_get_courses_returns_list" time="0.109" /><testcase classname="backend.tests.test_oec_api.TestCoursesAPI" name="test_courses_have_required_fields" time="0.060" /><testcase classname="backend.tests.test_oec_api.TestCoursesAPI" name="test_get_single_course" time="0.136" /><testcase classname="backend.tests.test_oec_api.TestCoursesAPI" name="test_course_has_weekly_structure" time="0.149" /><testcase classname="backend.tests.test_oec_api.TestCoursesAPI" name="test_course_not_found" time="0.083" /><testcase classname="backend.tests.test_oec_api.TestReviewsAPI" name="test_get_reviews_returns_list" time="0.092" /><testcase classname="backend.tests.test_oec_api.TestReviewsAPI" name="test_reviews_count_over_100" time="0.092" /><testcase classname="backend.tests.test_oec_api.TestReviewsAPI" name="test_reviews_have_required_fields" time="0.078" /><testcase classname="backend.tests.test_oec_api.TestReviewsAPI" name="test_reviews_have_country_codes" time="0.097" /><testcase classname="backend.tests.test_oec_api.TestReviewsAPI" name="test_reviews_have_valid_ratings" time="0.067" /><testcase classname="backend.tests.test_oec_api.TestDiplomaTracksAPI" name="test_get_diploma_tracks" time="0.060" /><testcase classname="backend.tests.test_oec_api.TestDiplomaTracksAPI" name="test_tracks_have_required_fields" time="0.084" /><testcase classname="backend.tests.test_oec_api.TestDiplomaTracksAPI" name="test_tracks_have_courses_list" time="0.112" /><testcase classname="backend.tests.test_oec_api.TestContactAPI" name="test_contact_form_submission" time="0.062" /><testcase classname="backend.tests.test_oec_api.TestContactAPI" name="test_contact_form_without_subject" time="0.078" /><testcase classname="backend.tests.test_oec_api.TestContactAPI" name="test_contact_form_validation" time="0.065" /><testcase classname="backend.tests.test_oec_api.TestCertificatesAPI" name="test_certificate_requires_auth" time="0.065" /><testcase classname="backend.tests.test_oec_api.TestCertificatesAPI" name="test_certificate_invalid_session" time="0.076" /><testcase classname="backend.tests.test_oec_api.TestAuthEndpoints" name="test_auth_me_requires_auth" time="0.063" /><testcase classname="backend.tests.test_oec_api.TestAuthEndpoints" name="test_logout_works" time="0.068" /></testsuite></testsuites>