<?xml version="1.0" encoding="utf-8"?><testsuites name="pytest tests"><testsuite name="pytest" errors="0" failures="0" skipped="0" tests="13" time="2.761" timestamp="2026-04-23T12:45:28.940120+00:00" hostname="agent-env-abe901df-e039-404b-895a-491508183e9b"><testcase classname="backend.tests.test_iteration18_staff.TestStaffManagement" name="test_get_staff_categories_returns_8_categories" time="0.819" /><testcase classname="backend.tests.test_iteration18_staff.TestStaffManagement" name="test_get_staff_list" time="0.042" /><testcase classname="backend.tests.test_iteration18_staff.TestStaffManagement" name="test_create_staff_with_all_fields" time="0.307" /><testcase classname="backend.tests.test_iteration18_staff.TestStaffManagement" name="test_create_staff_requires_name_and_category" time="0.080" /><testcase classname="backend.tests.test_iteration18_staff.TestStaffManagement" name="test_delete_staff" time="0.184" /><testcase classname="backend.tests.test_iteration18_staff.TestStaffManagement" name="test_delete_nonexistent_staff_returns_404" time="0.053" /><testcase classname="backend.tests.test_iteration18_staff.TestStaffManagement" name="test_staff_requires_auth" time="0.269" /><testcase classname="backend.tests.test_iteration18_staff.TestAdmissionForms" name="test_get_admin_admissions_returns_forms_with_student_id" time="0.044" /><testcase classname="backend.tests.test_iteration18_staff.TestAdmissionForms" name="test_admission_forms_require_auth" time="0.096" /><testcase classname="backend.tests.test_iteration18_staff.TestUploadEndpoints" name="test_admin_upload_requires_auth" time="0.084" /><testcase classname="backend.tests.test_iteration18_staff.TestUploadEndpoints" name="test_student_upload_requires_auth" time="0.085" /><testcase classname="backend.tests.test_iteration18_staff.TestPageLoadPerformance" name="test_homepage_load_time" time="0.098" /><testcase classname="backend.tests.test_iteration18_staff.TestPageLoadPerformance" name="test_api_response_time" time="0.509" /></testsuite></testsuites>