<?xml version="1.0" encoding="utf-8"?><testsuites name="pytest tests"><testsuite name="pytest" errors="0" failures="0" skipped="0" tests="14" time="3.035" timestamp="2026-04-23T13:11:39.407851+00:00" hostname="agent-env-abe901df-e039-404b-895a-491508183e9b"><testcase classname="backend.tests.test_iteration19_features.TestAdminAuth" name="test_admin_login" time="0.347" /><testcase classname="backend.tests.test_iteration19_features.TestCourseFullEdit" name="test_get_courses_list" time="0.350" /><testcase classname="backend.tests.test_iteration19_features.TestCourseFullEdit" name="test_course_update_with_all_fields" time="0.078" /><testcase classname="backend.tests.test_iteration19_features.TestCourseFullEdit" name="test_course_update_category_only" time="0.090" /><testcase classname="backend.tests.test_iteration19_features.TestCourseOutlineAssignments" name="test_update_outline_with_assignment_file_url" time="0.442" /><testcase classname="backend.tests.test_iteration19_features.TestManualStudentAdd" name="test_manual_add_student_success" time="0.451" /><testcase classname="backend.tests.test_iteration19_features.TestManualStudentAdd" name="test_manual_add_student_requires_full_name" time="0.080" /><testcase classname="backend.tests.test_iteration19_features.TestManualStudentAdd" name="test_manual_add_student_requires_auth" time="0.109" /><testcase classname="backend.tests.test_iteration19_features.TestManualStudentAdd" name="test_verify_student_in_admission_forms" time="0.043" /><testcase classname="backend.tests.test_iteration19_features.TestAdmissionFormsEndpoint" name="test_admission_forms_have_student_id" time="0.352" /><testcase classname="backend.tests.test_iteration19_features.TestExistingFeaturesStillWork" name="test_public_courses_endpoint" time="0.091" /><testcase classname="backend.tests.test_iteration19_features.TestExistingFeaturesStillWork" name="test_admin_stats_endpoint" time="0.399" /><testcase classname="backend.tests.test_iteration19_features.TestExistingFeaturesStillWork" name="test_admin_staff_endpoint" time="0.046" /><testcase classname="backend.tests.test_iteration19_features.TestExistingFeaturesStillWork" name="test_diploma_tracks_endpoint" time="0.085" /></testsuite></testsuites>