<?xml version="1.0" encoding="utf-8"?><testsuites name="pytest tests"><testsuite name="pytest" errors="0" failures="0" skipped="0" tests="20" time="8.243" timestamp="2026-04-08T16:01:41.137902+00:00" hostname="agent-env-abe901df-e039-404b-895a-491508183e9b"><testcase classname="backend.tests.test_dashboard_overhaul.TestAdminLogin" name="test_admin_login_success" time="0.351" /><testcase classname="backend.tests.test_dashboard_overhaul.TestAdminLogin" name="test_admin_login_wrong_password" time="0.344" /><testcase classname="backend.tests.test_dashboard_overhaul.TestAdminStats" name="test_admin_stats_requires_auth" time="0.396" /><testcase classname="backend.tests.test_dashboard_overhaul.TestAdminStats" name="test_admin_stats_returns_all_fields" time="0.410" /><testcase classname="backend.tests.test_dashboard_overhaul.TestAdminStats" name="test_admin_stats_monthly_growth_structure" time="0.420" /><testcase classname="backend.tests.test_dashboard_overhaul.TestAdminStats" name="test_admin_stats_numeric_fields" time="0.404" /><testcase classname="backend.tests.test_dashboard_overhaul.TestAdminStats" name="test_admin_stats_month_name_format" time="0.430" /><testcase classname="backend.tests.test_dashboard_overhaul.TestDefaulters" name="test_get_defaulters_requires_auth" time="0.385" /><testcase classname="backend.tests.test_dashboard_overhaul.TestDefaulters" name="test_get_defaulters_returns_array" time="0.389" /><testcase classname="backend.tests.test_dashboard_overhaul.TestDefaulters" name="test_deactivate_requires_auth" time="0.427" /><testcase classname="backend.tests.test_dashboard_overhaul.TestDefaulters" name="test_activate_requires_auth" time="0.377" /><testcase classname="backend.tests.test_dashboard_overhaul.TestDefaulters" name="test_deactivate_invalid_id_returns_404" time="0.607" /><testcase classname="backend.tests.test_dashboard_overhaul.TestDefaulters" name="test_activate_invalid_id_returns_404" time="0.406" /><testcase classname="backend.tests.test_dashboard_overhaul.TestAdmissionForms" name="test_admission_forms_requires_auth" time="0.413" /><testcase classname="backend.tests.test_dashboard_overhaul.TestAdmissionForms" name="test_admission_forms_returns_array" time="0.388" /><testcase classname="backend.tests.test_dashboard_overhaul.TestAdmissionForms" name="test_admission_forms_include_installment_urls" time="0.389" /><testcase classname="backend.tests.test_dashboard_overhaul.TestExistingEndpoints" name="test_get_courses" time="0.408" /><testcase classname="backend.tests.test_dashboard_overhaul.TestExistingEndpoints" name="test_get_admin_students" time="0.379" /><testcase classname="backend.tests.test_dashboard_overhaul.TestExistingEndpoints" name="test_get_admin_enrollments" time="0.428" /><testcase classname="backend.tests.test_dashboard_overhaul.TestExistingEndpoints" name="test_get_diploma_tracks" time="0.396" /></testsuite></testsuites>