<?xml version="1.0" encoding="utf-8"?><testsuites name="pytest tests"><testsuite name="pytest" errors="0" failures="0" skipped="0" tests="15" time="4.594" timestamp="2026-04-08T15:12:23.229820+00:00" hostname="agent-env-abe901df-e039-404b-895a-491508183e9b"><testcase classname="backend.tests.test_profile_and_admin_features.TestProfileEndpoint" name="test_profile_update_requires_auth" time="0.145" /><testcase classname="backend.tests.test_profile_and_admin_features.TestProfileEndpoint" name="test_profile_update_accepts_name_field" time="0.413" /><testcase classname="backend.tests.test_profile_and_admin_features.TestProfileEndpoint" name="test_profile_update_accepts_picture_field" time="0.409" /><testcase classname="backend.tests.test_profile_and_admin_features.TestAdminLogin" name="test_admin_login_with_correct_password" time="0.321" /><testcase classname="backend.tests.test_profile_and_admin_features.TestAdminLogin" name="test_admin_login_with_wrong_password" time="0.309" /><testcase classname="backend.tests.test_profile_and_admin_features.TestAdminEndpoints" name="test_admin_stats_endpoint" time="0.413" /><testcase classname="backend.tests.test_profile_and_admin_features.TestAdminEndpoints" name="test_admin_courses_endpoint" time="0.474" /><testcase classname="backend.tests.test_profile_and_admin_features.TestAdminEndpoints" name="test_admin_students_endpoint" time="0.450" /><testcase classname="backend.tests.test_profile_and_admin_features.TestAdminEndpoints" name="test_admin_enrollments_endpoint" time="0.402" /><testcase classname="backend.tests.test_profile_and_admin_features.TestAdminEndpoints" name="test_admin_admission_forms_endpoint" time="0.431" /><testcase classname="backend.tests.test_profile_and_admin_features.TestPublicEndpoints" name="test_courses_endpoint" time="0.102" /><testcase classname="backend.tests.test_profile_and_admin_features.TestPublicEndpoints" name="test_reviews_endpoint" time="0.107" /><testcase classname="backend.tests.test_profile_and_admin_features.TestPublicEndpoints" name="test_diploma_tracks_endpoint" time="0.069" /><testcase classname="backend.tests.test_profile_and_admin_features.TestAuthEndpoints" name="test_auth_me_requires_auth" time="0.092" /><testcase classname="backend.tests.test_profile_and_admin_features.TestAuthEndpoints" name="test_auth_me_with_admin_session" time="0.366" /></testsuite></testsuites>