<?xml version="1.0" encoding="utf-8"?><testsuites name="pytest tests"><testsuite name="pytest" errors="0" failures="0" skipped="0" tests="21" time="5.770" timestamp="2026-04-08T16:43:42.908797+00:00" hostname="agent-env-abe901df-e039-404b-895a-491508183e9b"><testcase classname="backend.tests.test_refactored_api.TestPublicEndpoints" name="test_get_courses" time="0.122" /><testcase classname="backend.tests.test_refactored_api.TestPublicEndpoints" name="test_get_diploma_tracks" time="0.320" /><testcase classname="backend.tests.test_refactored_api.TestPublicEndpoints" name="test_get_reviews" time="0.075" /><testcase classname="backend.tests.test_refactored_api.TestPublicEndpoints" name="test_get_single_course" time="0.142" /><testcase classname="backend.tests.test_refactored_api.TestPublicEndpoints" name="test_get_nonexistent_course" time="0.073" /><testcase classname="backend.tests.test_refactored_api.TestAdminLogin" name="test_admin_login_success" time="0.298" /><testcase classname="backend.tests.test_refactored_api.TestAdminLogin" name="test_admin_login_wrong_password" time="0.309" /><testcase classname="backend.tests.test_refactored_api.TestAdminEndpoints" name="test_admin_stats" time="0.422" /><testcase classname="backend.tests.test_refactored_api.TestAdminEndpoints" name="test_admin_stats_no_auth" time="0.068" /><testcase classname="backend.tests.test_refactored_api.TestAdminEndpoints" name="test_admin_assignments" time="0.370" /><testcase classname="backend.tests.test_refactored_api.TestAdminEndpoints" name="test_admin_students" time="0.404" /><testcase classname="backend.tests.test_refactored_api.TestAdminEndpoints" name="test_admin_enrollments" time="0.444" /><testcase classname="backend.tests.test_refactored_api.TestAdminEndpoints" name="test_admin_defaulters" time="0.370" /><testcase classname="backend.tests.test_refactored_api.TestAdminEndpoints" name="test_admin_diploma_enrollments" time="0.444" /><testcase classname="backend.tests.test_refactored_api.TestAdminEndpoints" name="test_admin_admission_forms" time="0.368" /><testcase classname="backend.tests.test_refactored_api.TestAdminEndpoints" name="test_admin_courses" time="0.406" /><testcase classname="backend.tests.test_refactored_api.TestAdminEndpoints" name="test_admin_messages" time="0.370" /><testcase classname="backend.tests.test_refactored_api.TestAssignmentReview" name="test_review_nonexistent_assignment" time="0.411" /><testcase classname="backend.tests.test_refactored_api.TestContactEndpoint" name="test_contact_submission" time="0.093" /><testcase classname="backend.tests.test_refactored_api.TestStudentUploadEndpoint" name="test_student_upload_no_auth" time="0.094" /><testcase classname="backend.tests.test_refactored_api.TestFileDownloadEndpoint" name="test_file_download_nonexistent" time="0.070" /></testsuite></testsuites>