<?xml version="1.0" encoding="utf-8"?><testsuites name="pytest tests"><testsuite name="pytest" errors="0" failures="0" skipped="0" tests="9" time="1.074" timestamp="2026-04-08T11:26:01.965253+00:00" hostname="agent-env-abe901df-e039-404b-895a-491508183e9b"><testcase classname="backend.tests.test_courses_pricing.TestCoursesAPI" name="test_get_courses_returns_200" time="0.146" /><testcase classname="backend.tests.test_courses_pricing.TestCoursesAPI" name="test_courses_have_admission_fee_field" time="0.093" /><testcase classname="backend.tests.test_courses_pricing.TestCoursesAPI" name="test_course_prices_match_requirements" time="0.105" /><testcase classname="backend.tests.test_courses_pricing.TestCoursesAPI" name="test_get_single_course_has_admission_fee" time="0.179" /><testcase classname="backend.tests.test_courses_pricing.TestDiplomaTracksAPI" name="test_get_diploma_tracks_returns_200" time="0.085" /><testcase classname="backend.tests.test_courses_pricing.TestDiplomaTracksAPI" name="test_diploma_tracks_have_courses" time="0.070" /><testcase classname="backend.tests.test_courses_pricing.TestDiplomaTracksAPI" name="test_get_single_diploma_track" time="0.192" /><testcase classname="backend.tests.test_courses_pricing.TestHealthAndBasicEndpoints" name="test_reviews_endpoint" time="0.082" /><testcase classname="backend.tests.test_courses_pricing.TestHealthAndBasicEndpoints" name="test_contact_endpoint" time="0.057" /></testsuite></testsuites>